JAX backend: cpu
Using directory (SAVE_DIR): /Users/dominik/Documents/Shared/ai-bachelor/thesis/practical-work/outputs/02-07_13-21-23_neural_field_train_siren_different_layer_3_channel_64
Domain: Lx=60.0, Ly=30.0 | scale=15 -> Nx=900, Ny=450
Evaluating with 406351 design variables
Solve took 21.272584s
Solve took 19.762622s
Solve took 19.154093s
Solve took 19.103776s
Solve took 19.148992s
Solve took 19.194583s
Solve took 19.283333s
Solve took 19.560419s

Model evaluation summary:

         compliance  rho_actual  rho_target  rho_error  penalty  omega  scale
model                                                                        
model_5     80.7659      0.4993         0.5     0.0007     10.0   23.0      5
model_6     82.5956      0.4994         0.5     0.0006     10.0   23.0      5
model_4     82.6857      0.4994         0.5     0.0006     10.0   23.0      5
model_0     82.8954      0.4993         0.5     0.0007     10.0   23.0      5
model_7     85.7482      0.4995         0.5     0.0005     10.0   23.0      5
model_3     86.2977      0.4993         0.5     0.0007     10.0   23.0      5
model_1     86.3878      0.4993         0.5     0.0007     10.0   23.0      5
model_2     89.0911      0.4991         0.5     0.0009     10.0   23.0      5

Saved evaluation table to: /Users/dominik/Documents/Shared/ai-bachelor/thesis/practical-work/outputs/02-07_13-21-23_neural_field_train_siren_different_layer_3_channel_64/model_evaluation.csv

Evaluated 8 models.
