JAX backend: cpu
Using directory (SAVE_DIR): /Users/dominik/Documents/Shared/ai-bachelor/thesis/practical-work/outputs/02-07_13-17-40_neural_field_train_siren_different_layer_3_channel_32
Domain: Lx=60.0, Ly=30.0 | scale=15 -> Nx=900, Ny=450
Evaluating with 406351 design variables
Solve took 21.264170s
Solve took 19.575859s
Solve took 19.665311s
Solve took 19.464693s
Solve took 19.391803s
Solve took 19.276238s
Solve took 19.254010s
Solve took 19.626982s

Model evaluation summary:

         compliance  rho_actual  rho_target  rho_error  penalty  omega  scale
model                                                                        
model_5     97.2313      0.4994         0.5     0.0006     10.0   23.0      5
model_4    106.9188      0.5009         0.5     0.0009     10.0   23.0      5
model_3    107.3676      0.4992         0.5     0.0008     10.0   23.0      5
model_0    107.6145      0.5050         0.5     0.0050     10.0   23.0      5
model_1    110.5122      0.5114         0.5     0.0114     10.0   23.0      5
model_6    111.2521      0.5172         0.5     0.0172     10.0   23.0      5
model_7    120.3610      0.5496         0.5     0.0496     10.0   23.0      5
model_2    121.5312      0.5627         0.5     0.0627     10.0   23.0      5

Saved evaluation table to: /Users/dominik/Documents/Shared/ai-bachelor/thesis/practical-work/outputs/02-07_13-17-40_neural_field_train_siren_different_layer_3_channel_32/model_evaluation.csv

Evaluated 8 models.
