JAX backend: cpu
Using directory (SAVE_DIR): /Users/dominik/Documents/Shared/ai-bachelor/thesis/practical-work/outputs/02-07_14-11-57_neural_field_train_siren_different_layer_6_channel_128
Domain: Lx=60.0, Ly=30.0 | scale=15 -> Nx=900, Ny=450
Evaluating with 406351 design variables
Solve took 21.299668s
Solve took 19.828403s
Solve took 19.756831s
Solve took 20.856020s
Solve took 21.182355s
Solve took 21.894433s
Solve took 21.518628s
Solve took 21.332920s

Model evaluation summary:

         compliance  rho_actual  rho_target  rho_error  penalty  omega  scale
model                                                                        
model_5     74.9119      0.4989         0.5     0.0011     10.0   23.0      5
model_6     75.1172      0.4989         0.5     0.0011     10.0   23.0      5
model_2     75.2829      0.4990         0.5     0.0010     10.0   23.0      5
model_0     75.3148      0.4990         0.5     0.0010     10.0   23.0      5
model_7     75.5110      0.4989         0.5     0.0011     10.0   23.0      5
model_3     75.6688      0.4991         0.5     0.0009     10.0   23.0      5
model_4     75.7781      0.4992         0.5     0.0008     10.0   23.0      5
model_1     75.7900      0.4992         0.5     0.0008     10.0   23.0      5

Saved evaluation table to: /Users/dominik/Documents/Shared/ai-bachelor/thesis/practical-work/outputs/02-07_14-11-57_neural_field_train_siren_different_layer_6_channel_128/model_evaluation.csv

Evaluated 8 models.
