JAX backend: cpu
Using directory (SAVE_DIR): /Users/dominik/Documents/Shared/ai-bachelor/thesis/practical-work/outputs/02-07_13-13-49_neural_field_train_siren_different_layer_3_channel_128
Domain: Lx=60.0, Ly=30.0 | scale=15 -> Nx=900, Ny=450
Evaluating with 406351 design variables
Solve took 21.069265s
Solve took 19.788378s
Solve took 20.034437s
Solve took 19.637659s
Solve took 20.044526s
Solve took 19.783075s
Solve took 19.335977s
Solve took 18.903488s

Model evaluation summary:

         compliance  rho_actual  rho_target  rho_error  penalty  omega  scale
model                                                                        
model_5     77.8104      0.4993         0.5     0.0007     10.0   23.0      5
model_0     78.0884      0.4993         0.5     0.0007     10.0   23.0      5
model_6     78.0986      0.4994         0.5     0.0006     10.0   23.0      5
model_4     78.6985      0.4995         0.5     0.0005     10.0   23.0      5
model_1     79.0120      0.4995         0.5     0.0005     10.0   23.0      5
model_3     79.1064      0.4993         0.5     0.0007     10.0   23.0      5
model_7     80.1039      0.4994         0.5     0.0006     10.0   23.0      5
model_2     80.6007      0.4994         0.5     0.0006     10.0   23.0      5

Saved evaluation table to: /Users/dominik/Documents/Shared/ai-bachelor/thesis/practical-work/outputs/02-07_13-13-49_neural_field_train_siren_different_layer_3_channel_128/model_evaluation.csv

Evaluated 8 models.
