JAX backend: cpu
Using directory (SAVE_DIR): /Users/dominik/Documents/Shared/ai-bachelor/thesis/practical-work/outputs/02-07_14-31-49_neural_field_train_siren_different_layer_4_channel_256
Domain: Lx=60.0, Ly=30.0 | scale=15 -> Nx=900, Ny=450
Evaluating with 406351 design variables
Solve took 20.994100s
Solve took 19.637758s
Solve took 19.605778s
Solve took 19.597235s
Solve took 19.826902s
Solve took 19.488136s
Solve took 19.953293s
Solve took 19.719429s

Model evaluation summary:

         compliance  rho_actual  rho_target  rho_error  penalty  omega  scale
model                                                                        
model_5     74.8779      0.4994         0.5     0.0006     10.0   23.0      5
model_1     74.9559      0.4994         0.5     0.0006     10.0   23.0      5
model_6     75.1400      0.4993         0.5     0.0007     10.0   23.0      5
model_0     75.2496      0.4994         0.5     0.0006     10.0   23.0      5
model_7     75.2581      0.4993         0.5     0.0007     10.0   23.0      5
model_4     75.2717      0.4997         0.5     0.0003     10.0   23.0      5
model_2     75.3861      0.4994         0.5     0.0006     10.0   23.0      5
model_3     75.5110      0.4994         0.5     0.0006     10.0   23.0      5

Saved evaluation table to: /Users/dominik/Documents/Shared/ai-bachelor/thesis/practical-work/outputs/02-07_14-31-49_neural_field_train_siren_different_layer_4_channel_256/model_evaluation.csv

Evaluated 8 models.
