JAX backend: cpu
Using directory (SAVE_DIR): /Users/dominik/Documents/Shared/ai-bachelor/thesis/practical-work/outputs/02-07_17-17-59_neural_field_train_siren_different_layer_3_channel_512
Domain: Lx=60.0, Ly=30.0 | scale=15 -> Nx=900, Ny=450
Evaluating with 406351 design variables
Solve took 22.506199s
Solve took 20.612993s
Solve took 20.344523s
Solve took 20.433305s
Solve took 21.273923s
Solve took 20.602537s
Solve took 20.438430s
Solve took 20.089453s

Model evaluation summary:

         compliance  rho_actual  rho_target  rho_error  penalty  omega  scale
model                                                                        
model_1     75.4626      0.4995         0.5     0.0005     10.0   23.0      5
model_5     75.4772      0.4996         0.5     0.0004     10.0   23.0      5
model_0     75.5738      0.4995         0.5     0.0005     10.0   23.0      5
model_7     75.5901      0.4995         0.5     0.0005     10.0   23.0      5
model_2     75.5950      0.4994         0.5     0.0006     10.0   23.0      5
model_3     75.6042      0.4996         0.5     0.0004     10.0   23.0      5
model_4     75.6740      0.4994         0.5     0.0006     10.0   23.0      5
model_6     75.9532      0.4996         0.5     0.0004     10.0   23.0      5

Saved evaluation table to: /Users/dominik/Documents/Shared/ai-bachelor/thesis/practical-work/outputs/02-07_17-17-59_neural_field_train_siren_different_layer_3_channel_512/model_evaluation.csv

Evaluated 8 models.
