JAX backend: cpu
Using directory (SAVE_DIR): /Users/dominik/Documents/Shared/ai-bachelor/thesis/practical-work/outputs/02-07_13-34-08_neural_field_train_siren_different_layer_4_channel_64
Domain: Lx=60.0, Ly=30.0 | scale=15 -> Nx=900, Ny=450
Evaluating with 406351 design variables
Solve took 21.064754s
Solve took 19.489533s
Solve took 19.581195s
Solve took 19.677903s
Solve took 19.575692s
Solve took 19.145123s
Solve took 19.659381s
Solve took 19.684394s

Model evaluation summary:

         compliance  rho_actual  rho_target  rho_error  penalty  omega  scale
model                                                                        
model_0     76.3844      0.4995         0.5     0.0005     10.0   23.0      5
model_6     76.9644      0.4994         0.5     0.0006     10.0   23.0      5
model_7     77.2606      0.4999         0.5     0.0001     10.0   23.0      5
model_1     78.5495      0.4990         0.5     0.0010     10.0   23.0      5
model_4     78.7029      0.4996         0.5     0.0004     10.0   23.0      5
model_3     79.0200      0.4992         0.5     0.0008     10.0   23.0      5
model_2     79.0665      0.4995         0.5     0.0005     10.0   23.0      5
model_5     79.7537      0.4992         0.5     0.0008     10.0   23.0      5

Saved evaluation table to: /Users/dominik/Documents/Shared/ai-bachelor/thesis/practical-work/outputs/02-07_13-34-08_neural_field_train_siren_different_layer_4_channel_64/model_evaluation.csv

Evaluated 8 models.
